<?xml version="1.0" encoding="UTF-8"?>
<testng-results ignored="0" total="5" passed="4" failed="1" skipped="0">
  <reporter-output>
  </reporter-output>
  <suite started-at="2022-07-21T02:13:30 IST" name="Default suite" finished-at="2022-07-21T02:13:39 IST" duration-ms="9322">
    <groups>
    </groups>
    <test started-at="2022-07-21T02:13:30 IST" name="Default test" finished-at="2022-07-21T02:13:39 IST" duration-ms="9322">
      <class name="testcase_01.TestCase_LP_01">
        <test-method is-config="true" signature="beforeLoad()[pri:0, instance:testcase_01.TestCase_LP_01@4be29ed9]" started-at="2022-07-21T02:13:26 IST" name="beforeLoad" finished-at="2022-07-21T02:13:30 IST" duration-ms="3682" status="PASS">
          <reporter-output>
          </reporter-output>
        </test-method> <!-- beforeLoad -->
        <test-method signature="CheckCurrent_01()[pri:0, instance:testcase_01.TestCase_LP_01@4be29ed9]" started-at="2022-07-21T02:13:30 IST" name="CheckCurrent_01" finished-at="2022-07-21T02:13:31 IST" duration-ms="1657" status="PASS">
          <reporter-output>
          </reporter-output>
        </test-method> <!-- CheckCurrent_01 -->
        <test-method signature="login_Cred_LP_02(java.lang.String,java.lang.String)[pri:0, instance:testcase_01.TestCase_LP_01@4be29ed9]" started-at="2022-07-21T02:13:31 IST" name="login_Cred_LP_02" data-provider="login_adactin" finished-at="2022-07-21T02:13:34 IST" duration-ms="2681" status="PASS">
          <params>
            <param index="0">
              <value>
                <![CDATA[manojkumar]]>
              </value>
            </param>
            <param index="1">
              <value>
                <![CDATA[manoj506]]>
              </value>
            </param>
          </params>
          <reporter-output>
          </reporter-output>
        </test-method> <!-- login_Cred_LP_02 -->
        <test-method signature="login_Cred_LP_02(java.lang.String,java.lang.String)[pri:0, instance:testcase_01.TestCase_LP_01@4be29ed9]" started-at="2022-07-21T02:13:34 IST" name="login_Cred_LP_02" data-provider="login_adactin" finished-at="2022-07-21T02:13:35 IST" duration-ms="835" status="PASS">
          <params>
            <param index="0">
              <value>
                <![CDATA[username]]>
              </value>
            </param>
            <param index="1">
              <value>
                <![CDATA[password]]>
              </value>
            </param>
          </params>
          <reporter-output>
          </reporter-output>
        </test-method> <!-- login_Cred_LP_02 -->
        <test-method signature="login_Cred_LP_02(java.lang.String,java.lang.String)[pri:0, instance:testcase_01.TestCase_LP_01@4be29ed9]" started-at="2022-07-21T02:13:35 IST" name="login_Cred_LP_02" data-provider="login_adactin" finished-at="2022-07-21T02:13:36 IST" duration-ms="823" status="PASS">
          <params>
            <param index="0">
              <value>
                <![CDATA[reach2manoj506@gmail.com]]>
              </value>
            </param>
            <param index="1">
              <value>
                <![CDATA[manoj506]]>
              </value>
            </param>
          </params>
          <reporter-output>
          </reporter-output>
        </test-method> <!-- login_Cred_LP_02 -->
        <test-method signature="veriftpage_03()[pri:0, instance:testcase_01.TestCase_LP_01@4be29ed9]" started-at="2022-07-21T02:13:36 IST" name="veriftpage_03" finished-at="2022-07-21T02:13:39 IST" duration-ms="3232" status="FAIL">
          <exception class="java.lang.AssertionError">
            <message>
              <![CDATA[expected [Gmail] but found [Gmail: خدمة بريد إلكتروني مجانية وخاصة وآمنة | Google Workspace]]]>
            </message>
            <full-stacktrace>
              <![CDATA[java.lang.AssertionError: expected [Gmail] but found [Gmail: خدمة بريد إلكتروني مجانية وخاصة وآمنة | Google Workspace]
at org.testng.Assert.fail(Assert.java:110)
at org.testng.Assert.failNotEquals(Assert.java:1413)
at org.testng.Assert.assertEqualsImpl(Assert.java:149)
at org.testng.Assert.assertEquals(Assert.java:131)
at org.testng.Assert.assertEquals(Assert.java:655)
at org.testng.Assert.assertEquals(Assert.java:665)
at testcase_01.TestCase_LP_01.veriftpage_03(TestCase_LP_01.java:106)
at java.base/jdk.internal.reflect.NativeMethodAccessorImpl.invoke0(Native Method)
at java.base/jdk.internal.reflect.NativeMethodAccessorImpl.invoke(NativeMethodAccessorImpl.java:77)
at java.base/jdk.internal.reflect.DelegatingMethodAccessorImpl.invoke(DelegatingMethodAccessorImpl.java:43)
at java.base/java.lang.reflect.Method.invoke(Method.java:568)
at org.testng.internal.invokers.MethodInvocationHelper.invokeMethod(MethodInvocationHelper.java:139)
at org.testng.internal.invokers.TestInvoker.invokeMethod(TestInvoker.java:677)
at org.testng.internal.invokers.TestInvoker.invokeTestMethod(TestInvoker.java:221)
at org.testng.internal.invokers.MethodRunner.runInSequence(MethodRunner.java:50)
at org.testng.internal.invokers.TestInvoker$MethodInvocationAgent.invoke(TestInvoker.java:962)
at org.testng.internal.invokers.TestInvoker.invokeTestMethods(TestInvoker.java:194)
at org.testng.internal.invokers.TestMethodWorker.invokeTestMethods(TestMethodWorker.java:148)
at org.testng.internal.invokers.TestMethodWorker.run(TestMethodWorker.java:128)
at java.base/java.util.ArrayList.forEach(ArrayList.java:1511)
at org.testng.TestRunner.privateRun(TestRunner.java:806)
at org.testng.TestRunner.run(TestRunner.java:601)
at org.testng.SuiteRunner.runTest(SuiteRunner.java:433)
at org.testng.SuiteRunner.runSequentially(SuiteRunner.java:427)
at org.testng.SuiteRunner.privateRun(SuiteRunner.java:387)
at org.testng.SuiteRunner.run(SuiteRunner.java:330)
at org.testng.SuiteRunnerWorker.runSuite(SuiteRunnerWorker.java:52)
at org.testng.SuiteRunnerWorker.run(SuiteRunnerWorker.java:95)
at org.testng.TestNG.runSuitesSequentially(TestNG.java:1256)
at org.testng.TestNG.runSuitesLocally(TestNG.java:1176)
at org.testng.TestNG.runSuites(TestNG.java:1099)
at org.testng.TestNG.run(TestNG.java:1067)
at org.testng.remote.AbstractRemoteTestNG.run(AbstractRemoteTestNG.java:115)
at org.testng.remote.RemoteTestNG.initAndRun(RemoteTestNG.java:251)
at org.testng.remote.RemoteTestNG.main(RemoteTestNG.java:77)
]]>
            </full-stacktrace>
          </exception> <!-- java.lang.AssertionError -->
          <reporter-output>
          </reporter-output>
        </test-method> <!-- veriftpage_03 -->
        <test-method is-config="true" signature="afterLoad()[pri:0, instance:testcase_01.TestCase_LP_01@4be29ed9]" started-at="2022-07-21T02:13:39 IST" name="afterLoad" finished-at="2022-07-21T02:14:39 IST" duration-ms="60338" status="PASS">
          <reporter-output>
          </reporter-output>
        </test-method> <!-- afterLoad -->
      </class> <!-- testcase_01.TestCase_LP_01 -->
    </test> <!-- Default test -->
  </suite> <!-- Default suite -->
</testng-results>
